#
# A fatal error has been detected by the Java Runtime Environment:
#
#  Internal Error (assembler_aarch64.hpp:248), pid=39924, tid=10243
#  guarantee(val < (1ULL << nbits)) failed: Field too big for insn
#
# JRE version:  (17.0) (build )
# Java VM: OpenJDK 64-Bit Server VM (17-internal+0-adhoc.viveksingh2.jdk, mixed mode, sharing, tiered, compressed oops, compressed class ptrs, g1 gc, bsd-aarch64)
# No core dump will be written. Core dumps have been disabled. To enable core dumping, try "ulimit -c unlimited" before starting Java again
#
#

---------------  S U M M A R Y ------------

Command Line: -Xms64M -Xmx1600M --add-exports=java.base/jdk.internal.module=ALL-UNNAMED build.tools.jigsaw.AddPackagesAttribute /Users/vivek.singh2/jdk/build/macosx-aarch64-server-release/jdk

Host: "MacBookPro17,1" arm64 1 MHz, 8 cores, 8G, Darwin 21.6.0, macOS 12.5.1 (21G83)
Time: Fri Sep 16 05:19:12 2022 IST elapsed time: 0.673850 seconds (0d 0h 0m 0s)

---------------  T H R E A D  ---------------

Current thread (0x0000000156008a00):  JavaThread "Unknown thread" [_thread_in_vm, id=10243, stack(0x000000016d9bc000,0x000000016dbbf000)]

Stack: [0x000000016d9bc000,0x000000016dbbf000],  sp=0x000000016dbbe0c0,  free space=2056k
Native frames: (J=compiled Java code, j=interpreted, Vv=VM code, C=native code)
V  [libjvm.dylib+0xa2dcc0]  VMError::report_and_die(int, char const*, char const*, char*, Thread*, unsigned char*, void*, void*, char const*, int, unsigned long)+0x4b0
V  [libjvm.dylib+0xa2e45c]  VMError::report_and_die(Thread*, void*, char const*, int, char const*, char const*, char*)+0x40
V  [libjvm.dylib+0x2cc8b4]  report_vm_error(char const*, int, char const*, char const*, ...)+0x5c
V  [libjvm.dylib+0x87d814]  Assembler::andr(RegisterImpl*, RegisterImpl*, unsigned long long)+0x94
V  [libjvm.dylib+0x960388]  StubGenerator::generate_call_stub(unsigned char*&)+0x9ac
V  [libjvm.dylib+0x933668]  StubGenerator::generate_initial()+0x34
V  [libjvm.dylib+0x932fe4]  StubGenerator_generate(CodeBuffer*, bool)+0x84
V  [libjvm.dylib+0x962638]  StubRoutines::initialize1()+0xc8
V  [libjvm.dylib+0x45c7c8]  init_globals()+0x28
V  [libjvm.dylib+0x9c1094]  Threads::create_vm(JavaVMInitArgs*, bool*)+0x418
V  [libjvm.dylib+0x4faa30]  JNI_CreateJavaVM+0x78
C  [libjli.dylib+0x45fc]  JavaMain+0x100
C  [libjli.dylib+0x7480]  ThreadJavaMain+0xc
C  [libsystem_pthread.dylib+0x726c]  _pthread_start+0x94


---------------  P R O C E S S  ---------------

Threads class SMR info:
_java_thread_list=0x000000010460de50, length=0, elements={
}

Java Threads: ( => current thread )

Other Threads:

=>0x0000000156008a00 (exited) JavaThread "Unknown thread" [_thread_in_vm, id=10243, stack(0x000000016d9bc000,0x000000016dbbf000)]

Threads with active compile tasks:

VM state: not at safepoint (not fully initialized)

VM Mutex/Monitor currently owned by a thread: None

Heap address: 0x0000000000000000, size: 0 MB, Compressed Oops mode: 32-bit

CDS archive(s) mapped at: [0x0000000000000000-0x0000000000000000-0x0000000000000000), size 0, SharedBaseAddress: 0x0000000800000000, ArchiveRelocationMode: 0.
Narrow klass base: 0x0000000000000000, Narrow klass shift: 0, Narrow klass range: 0x0

GC Precious Log:
<Not initialized>

Deoptimization events (0 events):
No events

Classes unloaded (0 events):
No events

Classes redefined (0 events):
No events

Internal exceptions (0 events):
No events

VM Operations (0 events):
No events

Events (2 events):
Event: 0.364 Protecting memory [0x000000016d9bc000,0x000000016d9c8000] with protection modes 0
Event: 0.673 Loaded shared library /Users/vivek.singh2/jdk/build/macosx-aarch64-server-release/jdk/lib/libjava.dylib


Dynamic libraries:
0x00000001025fc000 	/Users/vivek.singh2/jdk/build/macosx-aarch64-server-release/jdk/lib/libjli.dylib
0x00000001b5025000 	/usr/lib/libz.1.dylib
0x00000001b50dc000 	/usr/lib/libSystem.B.dylib
0x00000001b50d6000 	/usr/lib/system/libcache.dylib
0x00000001b5094000 	/usr/lib/system/libcommonCrypto.dylib
0x00000001b50bd000 	/usr/lib/system/libcompiler_rt.dylib
0x00000001b50b4000 	/usr/lib/system/libcopyfile.dylib
0x00000001aa2fb000 	/usr/lib/system/libcorecrypto.dylib
0x00000001aa3b0000 	/usr/lib/system/libdispatch.dylib
0x00000001aa57e000 	/usr/lib/system/libdyld.dylib
0x00000001b50cc000 	/usr/lib/system/libkeymgr.dylib
0x00000001b506f000 	/usr/lib/system/libmacho.dylib
0x00000001b475f000 	/usr/lib/system/libquarantine.dylib
0x00000001b50c9000 	/usr/lib/system/libremovefile.dylib
0x00000001af6f6000 	/usr/lib/system/libsystem_asl.dylib
0x00000001aa29d000 	/usr/lib/system/libsystem_blocks.dylib
0x00000001aa438000 	/usr/lib/system/libsystem_c.dylib
0x00000001b50c1000 	/usr/lib/system/libsystem_collections.dylib
0x00000001b3bf4000 	/usr/lib/system/libsystem_configuration.dylib
0x00000001b2e4e000 	/usr/lib/system/libsystem_containermanager.dylib
0x00000001b4dcc000 	/usr/lib/system/libsystem_coreservices.dylib
0x00000001accaf000 	/usr/lib/system/libsystem_darwin.dylib
0x00000001b50cd000 	/usr/lib/system/libsystem_dnssd.dylib
0x00000001aa435000 	/usr/lib/system/libsystem_featureflags.dylib
0x00000001aa593000 	/usr/lib/system/libsystem_info.dylib
0x00000001b5037000 	/usr/lib/system/libsystem_m.dylib
0x00000001aa385000 	/usr/lib/system/libsystem_malloc.dylib
0x00000001af684000 	/usr/lib/system/libsystem_networkextension.dylib
0x00000001ad108000 	/usr/lib/system/libsystem_notify.dylib
0x00000001bb431000 	/usr/lib/system/libsystem_product_info_filter.dylib
0x00000001b3bf9000 	/usr/lib/system/libsystem_sandbox.dylib
0x00000001b50c6000 	/usr/lib/system/libsystem_secinit.dylib
0x00000001aa539000 	/usr/lib/system/libsystem_kernel.dylib
0x00000001aa58b000 	/usr/lib/system/libsystem_platform.dylib
0x00000001aa571000 	/usr/lib/system/libsystem_pthread.dylib
0x00000001b0e5a000 	/usr/lib/system/libsystem_symptoms.dylib
0x00000001aa2e1000 	/usr/lib/system/libsystem_trace.dylib
0x00000001b50a1000 	/usr/lib/system/libunwind.dylib
0x00000001aa29f000 	/usr/lib/system/libxpc.dylib
0x00000001aa521000 	/usr/lib/libc++abi.dylib
0x00000001aa3f7000 	/usr/lib/libobjc.A.dylib
0x00000001b50ac000 	/usr/lib/liboah.dylib
0x00000001aa4ba000 	/usr/lib/libc++.1.dylib
0x00000001c0f5f000 	/System/Library/Frameworks/Cocoa.framework/Versions/A/Cocoa
0x00000001ad169000 	/System/Library/Frameworks/AppKit.framework/Versions/C/AppKit
0x00000001b0680000 	/System/Library/Frameworks/CoreData.framework/Versions/A/CoreData
0x00000001ab4c4000 	/System/Library/Frameworks/Foundation.framework/Versions/C/Foundation
0x00000001ae022000 	/System/Library/PrivateFrameworks/UIFoundation.framework/Versions/A/UIFoundation
0x00000001bb12b000 	/System/Library/PrivateFrameworks/RemoteViewServices.framework/Versions/A/RemoteViewServices
0x00000001b359c000 	/System/Library/PrivateFrameworks/XCTTargetBootstrap.framework/Versions/A/XCTTargetBootstrap
0x00000001b6e1c000 	/System/Library/PrivateFrameworks/InternationalSupport.framework/Versions/A/InternationalSupport
0x00000001b6ea5000 	/System/Library/PrivateFrameworks/UserActivity.framework/Versions/A/UserActivity
0x00000001b6313000 	/usr/lib/libspindump.dylib
0x00000001ae293000 	/System/Library/Frameworks/UniformTypeIdentifiers.framework/Versions/A/UniformTypeIdentifiers
0x00000001b1ae4000 	/usr/lib/libapp_launch_measurement.dylib
0x00000001b100c000 	/System/Library/PrivateFrameworks/CoreAnalytics.framework/Versions/A/CoreAnalytics
0x00000001b1ae7000 	/System/Library/PrivateFrameworks/CoreAutoLayout.framework/Versions/A/CoreAutoLayout
0x00000001b2e8b000 	/System/Library/Frameworks/Metal.framework/Versions/A/Metal
0x00000001b3c04000 	/usr/lib/liblangid.dylib
0x00000001b35a1000 	/System/Library/PrivateFrameworks/CoreSVG.framework/Versions/A/CoreSVG
0x00000001af72a000 	/System/Library/PrivateFrameworks/SkyLight.framework/Versions/A/SkyLight
0x00000001afb06000 	/System/Library/Frameworks/CoreGraphics.framework/Versions/A/CoreGraphics
0x00000001bb7f7000 	/System/Library/Frameworks/Accelerate.framework/Versions/A/Accelerate
0x00000001b5d8a000 	/System/Library/PrivateFrameworks/IconServices.framework/Versions/A/IconServices
0x00000001b2e6d000 	/System/Library/Frameworks/IOSurface.framework/Versions/A/IOSurface
0x00000001b103d000 	/usr/lib/libDiagnosticMessagesClient.dylib
0x00000001becfc000 	/System/Library/Frameworks/ApplicationServices.framework/Versions/A/ApplicationServices
0x00000001b3584000 	/System/Library/PrivateFrameworks/DFRFoundation.framework/Versions/A/DFRFoundation
0x00000001ac9f9000 	/usr/lib/libicucore.A.dylib
0x00000001b7cca000 	/System/Library/Frameworks/AudioToolbox.framework/Versions/A/AudioToolbox
0x00000001b6e28000 	/System/Library/PrivateFrameworks/DataDetectorsCore.framework/Versions/A/DataDetectorsCore
0x00000001cd848000 	/System/Library/PrivateFrameworks/TextInput.framework/Versions/A/TextInput
0x00000001af69f000 	/usr/lib/libMobileGestalt.dylib
0x00000001b3250000 	/System/Library/Frameworks/Carbon.framework/Versions/A/Frameworks/HIToolbox.framework/Versions/A/HIToolbox
0x00000001b14bd000 	/System/Library/Frameworks/QuartzCore.framework/Versions/A/QuartzCore
0x00000001ac67a000 	/System/Library/Frameworks/Security.framework/Versions/A/Security
0x00000001bb16b000 	/System/Library/Frameworks/Carbon.framework/Versions/A/Frameworks/SpeechRecognition.framework/Versions/A/SpeechRecognition
0x00000001b1839000 	/System/Library/PrivateFrameworks/CoreUI.framework/Versions/A/CoreUI
0x00000001abf56000 	/System/Library/Frameworks/CoreAudio.framework/Versions/A/CoreAudio
0x00000001b1131000 	/System/Library/Frameworks/DiskArbitration.framework/Versions/A/DiskArbitration
0x00000001b671d000 	/System/Library/PrivateFrameworks/MultitouchSupport.framework/Versions/A/MultitouchSupport
0x00000001af69d000 	/usr/lib/libenergytrace.dylib
0x00000001ad031000 	/System/Library/Frameworks/IOKit.framework/Versions/A/IOKit
0x00000001bb55a000 	/System/Library/Frameworks/CoreServices.framework/Versions/A/CoreServices
0x00000001b1a74000 	/System/Library/PrivateFrameworks/PerformanceAnalysis.framework/Versions/A/PerformanceAnalysis
0x000000020bcf3000 	/System/Library/Frameworks/OpenGL.framework/Versions/A/OpenGL
0x00000001b4677000 	/System/Library/PrivateFrameworks/MobileKeyBag.framework/Versions/A/MobileKeyBag
0x00000001b0114000 	/System/Library/Frameworks/ColorSync.framework/Versions/A/ColorSync
0x00000001aa5c0000 	/System/Library/Frameworks/CoreFoundation.framework/Versions/A/CoreFoundation
0x00000001b3820000 	/System/Library/Frameworks/CoreImage.framework/Versions/A/CoreImage
0x00000001abd7a000 	/System/Library/Frameworks/CoreText.framework/Versions/A/CoreText
0x00000001b35d1000 	/System/Library/Frameworks/ImageIO.framework/Versions/A/ImageIO
0x00000001b50e2000 	/System/Library/PrivateFrameworks/SoftLinking.framework/Versions/A/SoftLinking
0x00000001b1b32000 	/usr/lib/libxml2.2.dylib
0x00000001b537b000 	/usr/lib/libcompression.dylib
0x00000001b6d78000 	/System/Library/PrivateFrameworks/TextureIO.framework/Versions/A/TextureIO
0x00000001b5aa3000 	/usr/lib/libate.dylib
0x00000001b5968000 	/usr/lib/liblzma.5.dylib
0x00000001ab1b7000 	/System/Library/Frameworks/SystemConfiguration.framework/Versions/A/SystemConfiguration
0x00000001b50de000 	/usr/lib/libfakelink.dylib
0x00000001af1cf000 	/System/Library/Frameworks/CFNetwork.framework/Versions/A/CFNetwork
0x00000001b5224000 	/usr/lib/libarchive.2.dylib
0x00000001b3c00000 	/System/Library/PrivateFrameworks/AppleSystemInfo.framework/Versions/A/AppleSystemInfo
0x00000001b478a000 	/usr/lib/libbsm.0.dylib
0x00000001ae73c000 	/usr/lib/libnetwork.dylib
0x00000001b5078000 	/usr/lib/system/libkxld.dylib
0x00000001b43a4000 	/System/Library/PrivateFrameworks/IOMobileFramebuffer.framework/Versions/A/IOMobileFramebuffer
0x000000022a0dd000 	/usr/lib/libCoreEntitlements.dylib
0x00000001b4dae000 	/System/Library/PrivateFrameworks/AppleFSCompression.framework/Versions/A/AppleFSCompression
0x00000001b4772000 	/usr/lib/libcoretls.dylib
0x00000001b5981000 	/usr/lib/libcoretls_cfhelpers.dylib
0x00000001b5376000 	/usr/lib/libpam.2.dylib
0x00000001b0a70000 	/usr/lib/libsqlite3.dylib
0x00000001b59ea000 	/usr/lib/libxar.1.dylib
0x00000001b4dbf000 	/usr/lib/libbz2.1.0.dylib
0x00000001b50e3000 	/usr/lib/libpcap.A.dylib
0x00000001b0e51000 	/usr/lib/libdns_services.dylib
0x00000001b5349000 	/usr/lib/libapple_nghttp2.dylib
0x00000001b5120000 	/usr/lib/libiconv.2.dylib
0x00000001b506e000 	/usr/lib/libcharset.1.dylib
0x00000001b1ab0000 	/System/Library/Frameworks/CoreServices.framework/Versions/A/Frameworks/FSEvents.framework/Versions/A/FSEvents
0x00000001accba000 	/System/Library/Frameworks/CoreServices.framework/Versions/A/Frameworks/CarbonCore.framework/Versions/A/CarbonCore
0x00000001b1091000 	/System/Library/Frameworks/CoreServices.framework/Versions/A/Frameworks/Metadata.framework/Versions/A/Metadata
0x00000001b4dd2000 	/System/Library/Frameworks/CoreServices.framework/Versions/A/Frameworks/OSServices.framework/Versions/A/OSServices
0x00000001b52aa000 	/System/Library/Frameworks/CoreServices.framework/Versions/A/Frameworks/SearchKit.framework/Versions/A/SearchKit
0x00000001b0ddf000 	/System/Library/Frameworks/CoreServices.framework/Versions/A/Frameworks/AE.framework/Versions/A/AE
0x00000001aab07000 	/System/Library/Frameworks/CoreServices.framework/Versions/A/Frameworks/LaunchServices.framework/Versions/A/LaunchServices
0x00000001b5911000 	/System/Library/Frameworks/CoreServices.framework/Versions/A/Frameworks/DictionaryServices.framework/Versions/A/DictionaryServices
0x00000001b1abd000 	/System/Library/Frameworks/CoreServices.framework/Versions/A/Frameworks/SharedFileList.framework/Versions/A/SharedFileList
0x00000001b4762000 	/usr/lib/libCheckFix.dylib
0x00000001af70e000 	/System/Library/PrivateFrameworks/TCC.framework/Versions/A/TCC
0x00000001b3c06000 	/System/Library/PrivateFrameworks/CoreNLP.framework/Versions/A/CoreNLP
0x00000001b1040000 	/System/Library/PrivateFrameworks/MetadataUtilities.framework/Versions/A/MetadataUtilities
0x00000001ab271000 	/usr/lib/libmecabra.dylib
0x00000001b479b000 	/usr/lib/libmecab.dylib
0x00000001ab23d000 	/usr/lib/libCRFSuite.dylib
0x00000001b47f8000 	/usr/lib/libgermantok.dylib
0x00000001b5322000 	/usr/lib/libThaiTokenizer.dylib
0x00000001b1139000 	/System/Library/Frameworks/Accelerate.framework/Versions/A/Frameworks/vImage.framework/Versions/A/vImage
0x00000001bb531000 	/System/Library/Frameworks/Accelerate.framework/Versions/A/Frameworks/vecLib.framework/Versions/A/vecLib
0x00000001b5a2f000 	/System/Library/Frameworks/Accelerate.framework/Versions/A/Frameworks/vecLib.framework/Versions/A/libvMisc.dylib
0x00000001b42ab000 	/System/Library/Frameworks/Accelerate.framework/Versions/A/Frameworks/vecLib.framework/Versions/A/libvDSP.dylib
0x00000001aae92000 	/System/Library/Frameworks/Accelerate.framework/Versions/A/Frameworks/vecLib.framework/Versions/A/libBLAS.dylib
0x00000001b544c000 	/System/Library/Frameworks/Accelerate.framework/Versions/A/Frameworks/vecLib.framework/Versions/A/libLAPACK.dylib
0x00000001b47fb000 	/System/Library/Frameworks/Accelerate.framework/Versions/A/Frameworks/vecLib.framework/Versions/A/libLinearAlgebra.dylib
0x00000001b5361000 	/System/Library/Frameworks/Accelerate.framework/Versions/A/Frameworks/vecLib.framework/Versions/A/libSparseBLAS.dylib
0x00000001b5447000 	/System/Library/Frameworks/Accelerate.framework/Versions/A/Frameworks/vecLib.framework/Versions/A/libQuadrature.dylib
0x00000001b3cff000 	/System/Library/Frameworks/Accelerate.framework/Versions/A/Frameworks/vecLib.framework/Versions/A/libBNNS.dylib
0x00000001ab150000 	/System/Library/Frameworks/Accelerate.framework/Versions/A/Frameworks/vecLib.framework/Versions/A/libSparse.dylib
0x00000001b3cf7000 	/System/Library/PrivateFrameworks/LinguisticData.framework/Versions/A/LinguisticData
0x00000001ab108000 	/System/Library/PrivateFrameworks/Lexicon.framework/Versions/A/Lexicon
0x00000001b5a27000 	/usr/lib/libChineseTokenizer.dylib
0x00000001ab8b6000 	/System/Library/PrivateFrameworks/LanguageModeling.framework/Versions/A/LanguageModeling
0x00000001b5324000 	/System/Library/PrivateFrameworks/AppleSauce.framework/Versions/A/AppleSauce
0x00000001b4391000 	/System/Library/PrivateFrameworks/CoreEmoji.framework/Versions/A/CoreEmoji
0x00000001b5212000 	/usr/lib/libcmph.dylib
0x00000001b1a90000 	/System/Library/Frameworks/OpenDirectory.framework/Versions/A/Frameworks/CFOpenDirectory.framework/Versions/A/CFOpenDirectory
0x00000001b1a80000 	/System/Library/Frameworks/OpenDirectory.framework/Versions/A/OpenDirectory
0x00000001b5983000 	/System/Library/PrivateFrameworks/APFS.framework/Versions/A/APFS
0x00000001b46b2000 	/System/Library/Frameworks/SecurityFoundation.framework/Versions/A/SecurityFoundation
0x00000001b59f9000 	/usr/lib/libutil.dylib
0x00000001acff3000 	/System/Library/PrivateFrameworks/CoreServicesStore.framework/Versions/A/CoreServicesStore
0x00000001b59fd000 	/usr/lib/libxslt.1.dylib
0x00000001b4746000 	/System/Library/PrivateFrameworks/BackgroundTaskManagement.framework/Versions/A/BackgroundTaskManagement
0x00000001b6c99000 	/System/Library/Frameworks/ImageIO.framework/Versions/A/Resources/libRadiance.dylib
0x00000001b6ca2000 	/System/Library/Frameworks/ImageIO.framework/Versions/A/Resources/libJPEG.dylib
0x00000001b6bf5000 	/System/Library/Frameworks/ImageIO.framework/Versions/A/Resources/libPng.dylib
0x00000001b6c17000 	/System/Library/Frameworks/ImageIO.framework/Versions/A/Resources/libTIFF.dylib
0x00000001b6cfd000 	/System/Library/Frameworks/ImageIO.framework/Versions/A/Resources/libGIF.dylib
0x00000001b662d000 	/System/Library/Frameworks/ImageIO.framework/Versions/A/Resources/libJP2.dylib
0x00000001b5d4f000 	/usr/lib/libexpat.1.dylib
0x00000001b65e8000 	/System/Library/PrivateFrameworks/AppleJPEG.framework/Versions/A/AppleJPEG
0x00000001b310c000 	/System/Library/PrivateFrameworks/FontServices.framework/libFontParser.dylib
0x00000001b0d84000 	/System/Library/PrivateFrameworks/RunningBoardServices.framework/Versions/A/RunningBoardServices
0x00000001c1636000 	/System/Library/PrivateFrameworks/IOSurfaceAccelerator.framework/Versions/A/IOSurfaceAccelerator
0x00000001b6719000 	/System/Library/PrivateFrameworks/WatchdogClient.framework/Versions/A/WatchdogClient
0x00000001ab9b6000 	/System/Library/Frameworks/CoreDisplay.framework/Versions/A/CoreDisplay
0x00000001b2ff6000 	/System/Library/Frameworks/CoreMedia.framework/Versions/A/CoreMedia
0x00000001b2e81000 	/System/Library/PrivateFrameworks/IOAccelerator.framework/Versions/A/IOAccelerator
0x00000001b1c20000 	/System/Library/Frameworks/CoreVideo.framework/Versions/A/CoreVideo
0x00000001b5374000 	/System/Library/Frameworks/MetalPerformanceShaders.framework/Versions/A/MetalPerformanceShaders
0x00000001b6758000 	/System/Library/Frameworks/VideoToolbox.framework/Versions/A/VideoToolbox
0x00000001b0cc8000 	/System/Library/PrivateFrameworks/BaseBoard.framework/Versions/A/BaseBoard
0x00000001b0a56000 	/System/Library/PrivateFrameworks/ProtocolBuffer.framework/Versions/A/ProtocolBuffer
0x00000001b6c94000 	/System/Library/PrivateFrameworks/GPUWrangler.framework/Versions/A/GPUWrangler
0x00000001b6c74000 	/System/Library/PrivateFrameworks/IOPresentment.framework/Versions/A/IOPresentment
0x00000001b6c9c000 	/System/Library/PrivateFrameworks/DSExternalDisplay.framework/Versions/A/DSExternalDisplay
0x000000020bce6000 	/System/Library/Frameworks/OpenGL.framework/Versions/A/Libraries/libCoreFSCache.dylib
0x0000000216bb0000 	/System/Library/PrivateFrameworks/GPUCompiler.framework/Versions/31001/Libraries/libGPUCompilerUtils.dylib
0x00000001b6d02000 	/System/Library/PrivateFrameworks/CMCaptureCore.framework/Versions/A/CMCaptureCore
0x00000001b6300000 	/System/Library/PrivateFrameworks/AppServerSupport.framework/Versions/A/AppServerSupport
0x00000001b8588000 	/System/Library/PrivateFrameworks/perfdata.framework/Versions/A/perfdata
0x00000001abad6000 	/System/Library/PrivateFrameworks/AudioToolboxCore.framework/Versions/A/AudioToolboxCore
0x00000001b2fcf000 	/System/Library/PrivateFrameworks/caulk.framework/Versions/A/caulk
0x00000001b7e7d000 	/usr/lib/libAudioStatistics.dylib
0x00000001c9e9b000 	/System/Library/PrivateFrameworks/SystemPolicy.framework/Versions/A/SystemPolicy
0x00000001b80e9000 	/usr/lib/libSMC.dylib
0x00000001c0e3d000 	/System/Library/Frameworks/CoreMIDI.framework/Versions/A/CoreMIDI
0x00000001b6bc3000 	/usr/lib/libAudioToolboxUtility.dylib
0x00000001c5ffe000 	/System/Library/PrivateFrameworks/OSAServicesClient.framework/Versions/A/OSAServicesClient
0x00000001b8595000 	/usr/lib/libperfcheck.dylib
0x00000001ca9ba000 	/usr/lib/libmis.dylib
0x000000020bd48000 	/System/Library/Frameworks/OpenGL.framework/Versions/A/Libraries/libGLU.dylib
0x000000020bd07000 	/System/Library/Frameworks/OpenGL.framework/Versions/A/Libraries/libGFXShared.dylib
0x000000020bef4000 	/System/Library/Frameworks/OpenGL.framework/Versions/A/Libraries/libGL.dylib
0x000000020bd10000 	/System/Library/Frameworks/OpenGL.framework/Versions/A/Libraries/libGLImage.dylib
0x000000020bd04000 	/System/Library/Frameworks/OpenGL.framework/Versions/A/Libraries/libCVMSPluginSupport.dylib
0x000000020bced000 	/System/Library/Frameworks/OpenGL.framework/Versions/A/Libraries/libCoreVMClient.dylib
0x00000001b3b80000 	/System/Library/Frameworks/MetalPerformanceShaders.framework/Versions/A/Frameworks/MPSCore.framework/Versions/A/MPSCore
0x00000001b4d21000 	/System/Library/Frameworks/MetalPerformanceShaders.framework/Versions/A/Frameworks/MPSImage.framework/Versions/A/MPSImage
0x00000001b4810000 	/System/Library/Frameworks/MetalPerformanceShaders.framework/Versions/A/Frameworks/MPSNeuralNetwork.framework/Versions/A/MPSNeuralNetwork
0x00000001b4c49000 	/System/Library/Frameworks/MetalPerformanceShaders.framework/Versions/A/Frameworks/MPSMatrix.framework/Versions/A/MPSMatrix
0x00000001b4a22000 	/System/Library/Frameworks/MetalPerformanceShaders.framework/Versions/A/Frameworks/MPSRayIntersector.framework/Versions/A/MPSRayIntersector
0x00000001b4c7a000 	/System/Library/Frameworks/MetalPerformanceShaders.framework/Versions/A/Frameworks/MPSNDArray.framework/Versions/A/MPSNDArray
0x000000020e7ef000 	/System/Library/Frameworks/MetalPerformanceShaders.framework/Versions/A/Frameworks/MPSFunctions.framework/Versions/A/MPSFunctions
0x00000001aad68000 	/System/Library/PrivateFrameworks/MetalTools.framework/Versions/A/MetalTools
0x00000001b3bfe000 	/System/Library/PrivateFrameworks/AggregateDictionary.framework/Versions/A/AggregateDictionary
0x00000001b5b34000 	/usr/lib/libIOReport.dylib
0x00000001bfe56000 	/System/Library/PrivateFrameworks/ASEProcessing.framework/Versions/A/ASEProcessing
0x00000001b5ea9000 	/System/Library/PrivateFrameworks/FaceCore.framework/Versions/A/FaceCore
0x00000001b5e9b000 	/System/Library/PrivateFrameworks/GraphVisualizer.framework/Versions/A/GraphVisualizer
0x0000000216ac7000 	/System/Library/PrivateFrameworks/FontServices.framework/Versions/A/FontServices
0x00000001b62bc000 	/System/Library/PrivateFrameworks/OTSVG.framework/Versions/A/OTSVG
0x00000001b17e9000 	/System/Library/Frameworks/ApplicationServices.framework/Versions/A/Frameworks/ATS.framework/Versions/A/Resources/libFontRegistry.dylib
0x00000001b6309000 	/System/Library/PrivateFrameworks/FontServices.framework/libhvf.dylib
0x0000000216ac8000 	/System/Library/PrivateFrameworks/FontServices.framework/libXTFontStaticRegistryData.dylib
0x000000020c095000 	/System/Library/Frameworks/OpenCL.framework/Versions/A/OpenCL
0x00000001b5d03000 	/System/Library/PrivateFrameworks/AppleVA.framework/Versions/A/AppleVA
0x00000001b7ea5000 	/System/Library/Frameworks/ApplicationServices.framework/Versions/A/Frameworks/ATS.framework/Versions/A/ATS
0x00000001b0213000 	/System/Library/Frameworks/ApplicationServices.framework/Versions/A/Frameworks/HIServices.framework/Versions/A/HIServices
0x00000001b6d0c000 	/System/Library/Frameworks/ApplicationServices.framework/Versions/A/Frameworks/PrintCore.framework/Versions/A/PrintCore
0x00000001b823c000 	/System/Library/Frameworks/ApplicationServices.framework/Versions/A/Frameworks/QD.framework/Versions/A/QD
0x00000001b8234000 	/System/Library/Frameworks/ApplicationServices.framework/Versions/A/Frameworks/ColorSyncLegacy.framework/Versions/A/ColorSyncLegacy
0x00000001b7e91000 	/System/Library/Frameworks/ApplicationServices.framework/Versions/A/Frameworks/SpeechSynthesis.framework/Versions/A/SpeechSynthesis
0x00000001b6ccd000 	/System/Library/Frameworks/ApplicationServices.framework/Versions/A/Frameworks/ATSUI.framework/Versions/A/ATSUI
0x00000001b81c9000 	/usr/lib/libcups.2.dylib
0x00000001b85a3000 	/System/Library/Frameworks/Kerberos.framework/Versions/A/Kerberos
0x00000001b85b4000 	/System/Library/Frameworks/GSS.framework/Versions/A/GSS
0x00000001b7f15000 	/usr/lib/libresolv.9.dylib
0x00000001b6318000 	/System/Library/PrivateFrameworks/Heimdal.framework/Versions/A/Heimdal
0x00000001bf08c000 	/System/Library/Frameworks/Kerberos.framework/Versions/A/Libraries/libHeimdalProxy.dylib
0x00000001b0e63000 	/System/Library/Frameworks/Network.framework/Versions/A/Network
0x00000001b5d6a000 	/usr/lib/libheimdal-asn1.dylib
0x00000001b8604000 	/System/Library/PrivateFrameworks/CommonAuth.framework/Versions/A/CommonAuth
0x00000001b7e0b000 	/System/Library/PrivateFrameworks/AudioSession.framework/Versions/A/AudioSession
0x00000001b5dfc000 	/System/Library/PrivateFrameworks/MediaExperience.framework/Versions/A/MediaExperience
0x00000001b7c90000 	/System/Library/PrivateFrameworks/AudioSession.framework/libSessionUtility.dylib
0x00000001b8248000 	/System/Library/PrivateFrameworks/AudioResourceArbitration.framework/Versions/A/AudioResourceArbitration
0x00000001bc40e000 	/System/Library/PrivateFrameworks/PowerLog.framework/Versions/A/PowerLog
0x00000001b5d74000 	/System/Library/PrivateFrameworks/IconFoundation.framework/Versions/A/IconFoundation
0x00000001bb157000 	/System/Library/PrivateFrameworks/SpeechRecognitionCore.framework/Versions/A/SpeechRecognitionCore
0x0000000103978000 	/Users/vivek.singh2/jdk/build/macosx-aarch64-server-release/jdk/lib/server/libjvm.dylib
0x000000010265c000 	/Users/vivek.singh2/jdk/build/macosx-aarch64-server-release/jdk/lib/libjimage.dylib
0x00000001026dc000 	/Users/vivek.singh2/jdk/build/macosx-aarch64-server-release/jdk/lib/libjava.dylib


VM Arguments:
jvm_args: -Xms64M -Xmx1600M --add-exports=java.base/jdk.internal.module=ALL-UNNAMED 
java_command: build.tools.jigsaw.AddPackagesAttribute /Users/vivek.singh2/jdk/build/macosx-aarch64-server-release/jdk
java_class_path (initial): /Users/vivek.singh2/jdk/build/macosx-aarch64-server-release/buildtools/tools_jigsaw_classes
Launcher Type: SUN_STANDARD

[Global flags]
     intx CICompilerCount                          = 4                                         {product} {ergonomic}
     uint ConcGCThreads                            = 2                                         {product} {ergonomic}
     uint G1ConcRefinementThreads                  = 8                                         {product} {ergonomic}
    uintx GCDrainStackTargetSize                   = 64                                        {product} {ergonomic}
   size_t InitialHeapSize                          = 67108864                                  {product} {command line}
   size_t MarkStackSize                            = 4194304                                   {product} {ergonomic}
   size_t MaxHeapSize                              = 1677721600                                {product} {command line}
   size_t MinHeapSize                              = 67108864                                  {product} {command line}
    uintx NonNMethodCodeHeapSize                   = 5839564                                {pd product} {ergonomic}
    uintx NonProfiledCodeHeapSize                  = 122909338                              {pd product} {ergonomic}
    uintx ProfiledCodeHeapSize                     = 122909338                              {pd product} {ergonomic}
    uintx ReservedCodeCacheSize                    = 251658240                              {pd product} {ergonomic}
     bool SegmentedCodeCache                       = true                                      {product} {ergonomic}
     bool UseCompressedClassPointers               = true                           {product lp64_product} {ergonomic}
     bool UseCompressedOops                        = true                           {product lp64_product} {ergonomic}
     bool UseG1GC                                  = true                                      {product} {ergonomic}
     bool UseNUMA                                  = false                                     {product} {ergonomic}
     bool UseNUMAInterleaving                      = false                                     {product} {ergonomic}

Logging:
Log output configuration:
 #0: stdout all=warning uptime,level,tags
 #1: stderr all=off uptime,level,tags

Environment Variables:
PATH=/opt/homebrew/opt/openjdk@17/bin:/opt/homebrew/opt/openjdk@17/bin:/opt/homebrew/bin:/opt/homebrew/sbin:/usr/local/bin:/usr/bin:/bin:/usr/sbin:/sbin:/Library/Apple/usr/bin
SHELL=/bin/zsh
LC_ALL=C
LC_CTYPE=UTF-8

Signal Handlers:
   SIGSEGV: crash_handler in libjvm.dylib, mask=11100110000111110111111111111111, flags=SA_RESTART|SA_SIGINFO
    SIGBUS: crash_handler in libjvm.dylib, mask=11100110000111110111111111111111, flags=SA_RESTART|SA_SIGINFO
    SIGFPE: crash_handler in libjvm.dylib, mask=11100110000111110111111111111111, flags=SA_RESTART|SA_SIGINFO
   SIGPIPE: javaSignalHandler in libjvm.dylib, mask=11100110000111110111111111111111, flags=SA_RESTART|SA_SIGINFO
   SIGXFSZ: javaSignalHandler in libjvm.dylib, mask=11100110000111110111111111111111, flags=SA_RESTART|SA_SIGINFO
    SIGILL: crash_handler in libjvm.dylib, mask=11100110000111110111111111111111, flags=SA_RESTART|SA_SIGINFO
   SIGUSR2: SR_handler in libjvm.dylib, mask=00000000000000000000000000000000, flags=SA_RESTART|SA_SIGINFO
    SIGHUP: SIG_DFL, mask=00000000000000000000000000000000, flags=none
    SIGINT: SIG_DFL, mask=00000000000000000000000000000000, flags=none
   SIGTERM: SIG_DFL, mask=00000000000000000000000000000000, flags=none
   SIGQUIT: SIG_DFL, mask=00000000000000000000000000000000, flags=none
   SIGTRAP: crash_handler in libjvm.dylib, mask=11100110000111110111111111111111, flags=SA_RESTART|SA_SIGINFO


---------------  S Y S T E M  ---------------

OS:
uname: Darwin 21.6.0 Darwin Kernel Version 21.6.0: Wed Aug 10 14:28:35 PDT 2022; root:xnu-8020.141.5~2/RELEASE_ARM64_T8101 arm64
OS uptime: 0 days 14:19 hours
rlimit (soft/hard): STACK 65520k/65520k , CORE 0k/infinity , NPROC 1333/2000 , NOFILE 10240/infinity , AS infinity/infinity , CPU infinity/infinity , DATA infinity/infinity , FSIZE infinity/infinity , MEMLOCK infinity/infinity , RSS infinity/infinity
load average: 23.37 18.09 15.32

CPU: total 8 (initial active 8) 0x61:0x0:0x1b588bb3:0, fp, simd, crc, lse

Memory: 16k page, physical 8388608k(322800k free), swap 2097152k(793856k free)

vm_info: OpenJDK 64-Bit Server VM (17-internal+0-adhoc.viveksingh2.jdk) for bsd-aarch64 JRE (17-internal+0-adhoc.viveksingh2.jdk), built on Sep 16 2022 05:18:25 by "viveksingh2" with clang Apple LLVM 14.0.0 (clang-1400.0.29.102)

END.
